<?xml version="1.0" encoding="UTF-8"?>
<coverage generated="1743186939609" clover="3.2.0">
  <project timestamp="1743186939609" name="All files">
    <metrics statements="58" coveredstatements="44" conditionals="6" coveredconditionals="6" methods="12" coveredmethods="8" elements="76" coveredelements="58" complexity="0" loc="58" ncloc="58" packages="2" files="2" classes="2"/>
    <package name="tests">
      <metrics statements="29" coveredstatements="22" conditionals="3" coveredconditionals="3" methods="6" coveredmethods="4"/>
      <file name="testdb.ts" path="/Users/sahil/Documents/Money_lens_latest3/Money-Lens-App/tests/testdb.ts">
        <metrics statements="29" coveredstatements="22" conditionals="3" coveredconditionals="3" methods="6" coveredmethods="4"/>
        <line num="1" count="1" type="stmt"/>
        <line num="2" count="1" type="stmt"/>
        <line num="6" count="1" type="stmt"/>
        <line num="7" count="1" type="stmt"/>
        <line num="8" count="1" type="stmt"/>
        <line num="10" count="1" type="stmt"/>
        <line num="11" count="1" type="stmt"/>
        <line num="12" count="1" type="stmt"/>
        <line num="15" count="1" type="stmt"/>
        <line num="16" count="1" type="cond" truecount="1" falsecount="0"/>
        <line num="18" count="0" type="stmt"/>
        <line num="19" count="0" type="stmt"/>
        <line num="20" count="0" type="stmt"/>
        <line num="23" count="0" type="stmt"/>
        <line num="24" count="0" type="stmt"/>
        <line num="25" count="0" type="stmt"/>
        <line num="30" count="1" type="stmt"/>
        <line num="31" count="1" type="stmt"/>
        <line num="32" count="1" type="stmt"/>
        <line num="33" count="1" type="stmt"/>
        <line num="34" count="1" type="cond" truecount="1" falsecount="0"/>
        <line num="35" count="1" type="stmt"/>
        <line num="37" count="1" type="stmt"/>
        <line num="39" count="0" type="stmt"/>
        <line num="43" count="1" type="stmt"/>
        <line num="44" count="4" type="stmt"/>
        <line num="45" count="4" type="stmt"/>
        <line num="46" count="4" type="cond" truecount="1" falsecount="0"/>
        <line num="47" count="4" type="stmt"/>
      </file>
    </package>
    <package name="tests.integration_tests">
      <metrics statements="29" coveredstatements="22" conditionals="3" coveredconditionals="3" methods="6" coveredmethods="4"/>
      <file name="testdb.ts" path="/Users/sahil/Documents/Money_lens_latest3/Money-Lens-App/tests/integration_tests/testdb.ts">
        <metrics statements="29" coveredstatements="22" conditionals="3" coveredconditionals="3" methods="6" coveredmethods="4"/>
        <line num="1" count="4" type="stmt"/>
        <line num="2" count="4" type="stmt"/>
        <line num="6" count="4" type="stmt"/>
        <line num="7" count="4" type="stmt"/>
        <line num="8" count="4" type="stmt"/>
        <line num="10" count="4" type="stmt"/>
        <line num="11" count="4" type="stmt"/>
        <line num="12" count="4" type="stmt"/>
        <line num="15" count="4" type="stmt"/>
        <line num="16" count="4" type="cond" truecount="1" falsecount="0"/>
        <line num="18" count="0" type="stmt"/>
        <line num="19" count="0" type="stmt"/>
        <line num="20" count="0" type="stmt"/>
        <line num="23" count="0" type="stmt"/>
        <line num="24" count="0" type="stmt"/>
        <line num="25" count="0" type="stmt"/>
        <line num="30" count="4" type="stmt"/>
        <line num="31" count="4" type="stmt"/>
        <line num="32" count="4" type="stmt"/>
        <line num="33" count="4" type="stmt"/>
        <line num="34" count="4" type="cond" truecount="1" falsecount="0"/>
        <line num="35" count="4" type="stmt"/>
        <line num="37" count="4" type="stmt"/>
        <line num="39" count="0" type="stmt"/>
        <line num="43" count="4" type="stmt"/>
        <line num="44" count="30" type="stmt"/>
        <line num="45" count="30" type="stmt"/>
        <line num="46" count="76" type="cond" truecount="1" falsecount="0"/>
        <line num="47" count="76" type="stmt"/>
      </file>
    </package>
  </project>
</coverage>
